This file contains any messages produced by compilers while
running configure, to aid debugging if configure makes a mistake.

It was created by gnome-screenshot configure 3.18.0, which was
generated by GNU Autoconf 2.69.  Invocation command line was

  $ /home/project/pemaketan/packages/upstream/g/gnome-screenshot/gnome-screenshot/./configure --build=x86_64-linux-gnu --host=i686-linux-gnu --prefix=/usr --includedir=${prefix}/include --mandir=${prefix}/share/man --infodir=${prefix}/share/info --sysconfdir=/etc --localstatedir=/var --libexecdir=${prefix}/lib/gnome-screenshot --srcdir=. --disable-maintainer-mode --disable-dependency-tracking --disable-silent-rules

## --------- ##
## Platform. ##
## --------- ##

hostname = G41TR3
uname -m = x86_64
uname -r = 4.13.0-19-generic
uname -s = Linux
uname -v = #22~16.04.1-Ubuntu SMP Mon Dec 4 15:35:18 UTC 2017

/usr/bin/uname -p = unknown
/bin/uname -X     = unknown

/bin/arch              = unknown
/usr/bin/arch -k       = unknown
/usr/convex/getsysinfo = unknown
/usr/bin/hostinfo      = unknown
/bin/machine           = unknown
/usr/bin/oslevel       = unknown
/bin/universe          = unknown

PATH: /usr/sbin
PATH: /usr/bin
PATH: /sbin
PATH: /bin
PATH: /usr/bin/X11


## ----------- ##
## Core tests. ##
## ----------- ##

configure:2301: checking whether make supports nested variables
configure:2318: result: yes
configure:2363: checking build system type
configure:2377: result: x86_64-pc-linux-gnu
configure:2397: checking host system type
configure:2410: result: i686-pc-linux-gnu
configure:2430: checking target system type
configure:2443: result: i686-pc-linux-gnu
configure:2486: checking for a BSD-compatible install
configure:2554: result: /usr/bin/install -c
configure:2565: checking whether build environment is sane
configure:2620: result: yes
configure:2679: checking for i686-linux-gnu-strip
configure:2709: result: no
configure:2719: checking for strip
configure:2735: found /usr/bin/strip
configure:2746: result: strip
configure:2758: WARNING: using cross tools not prefixed with host triplet
configure:2771: checking for a thread-safe mkdir -p
configure:2810: result: /bin/mkdir -p
configure:2817: checking for gawk
configure:2833: found /usr/bin/gawk
configure:2844: result: gawk
configure:2855: checking whether make sets $(MAKE)
configure:2877: result: yes
configure:3021: checking whether make supports nested variables
configure:3038: result: yes
configure:3058: checking whether NLS is requested
configure:3067: result: yes
configure:3085: checking for intltool >= 0.40.0
configure:3087: result: 0.51.0 found
configure:3095: checking for intltool-update
configure:3113: found /usr/bin/intltool-update
configure:3125: result: /usr/bin/intltool-update
configure:3135: checking for intltool-merge
configure:3153: found /usr/bin/intltool-merge
configure:3165: result: /usr/bin/intltool-merge
configure:3175: checking for intltool-extract
configure:3193: found /usr/bin/intltool-extract
configure:3205: result: /usr/bin/intltool-extract
configure:3359: checking for xgettext
configure:3377: found /usr/bin/xgettext
configure:3389: result: /usr/bin/xgettext
configure:3399: checking for msgmerge
configure:3417: found /usr/bin/msgmerge
configure:3429: result: /usr/bin/msgmerge
configure:3439: checking for msgfmt
configure:3457: found /usr/bin/msgfmt
configure:3469: result: /usr/bin/msgfmt
configure:3479: checking for gmsgfmt
configure:3510: result: /usr/bin/msgfmt
configure:3530: checking for perl
configure:3548: found /usr/bin/perl
configure:3560: result: /usr/bin/perl
configure:3571: checking for perl >= 5.8.1
configure:3578: result: 5.22.1
configure:3582: checking for XML::Parser
configure:3585: result: ok
configure:3609: checking for i686-linux-gnu-pkg-config
configure:3627: found /usr/bin/i686-linux-gnu-pkg-config
configure:3639: result: /usr/bin/i686-linux-gnu-pkg-config
configure:3707: checking pkg-config is at least version 0.22
configure:3710: result: yes
configure:3731: checking for style of include used by make
configure:3759: result: GNU
configure:3790: checking for i686-linux-gnu-gcc
configure:3820: result: no
configure:3830: checking for gcc
configure:3846: found /usr/bin/gcc
configure:3857: result: gcc
configure:4086: checking for C compiler version
configure:4095: gcc --version >&5
gcc (Ubuntu 5.4.0-6ubuntu1~16.04.11) 5.4.0 20160609
Copyright (C) 2015 Free Software Foundation, Inc.
This is free software; see the source for copying conditions.  There is NO
warranty; not even for MERCHANTABILITY or FITNESS FOR A PARTICULAR PURPOSE.

configure:4106: $? = 0
configure:4095: gcc -v >&5
Using built-in specs.
COLLECT_GCC=gcc
COLLECT_LTO_WRAPPER=/usr/lib/gcc/x86_64-linux-gnu/5/lto-wrapper
Target: x86_64-linux-gnu
Configured with: ../src/configure -v --with-pkgversion='Ubuntu 5.4.0-6ubuntu1~16.04.11' --with-bugurl=file:///usr/share/doc/gcc-5/README.Bugs --enable-languages=c,ada,c++,java,go,d,fortran,objc,obj-c++ --prefix=/usr --program-suffix=-5 --enable-shared --enable-linker-build-id --libexecdir=/usr/lib --without-included-gettext --enable-threads=posix --libdir=/usr/lib --enable-nls --with-sysroot=/ --enable-clocale=gnu --enable-libstdcxx-debug --enable-libstdcxx-time=yes --with-default-libstdcxx-abi=new --enable-gnu-unique-object --disable-vtable-verify --enable-libmpx --enable-plugin --with-system-zlib --disable-browser-plugin --enable-java-awt=gtk --enable-gtk-cairo --with-java-home=/usr/lib/jvm/java-1.5.0-gcj-5-amd64/jre --enable-java-home --with-jvm-root-dir=/usr/lib/jvm/java-1.5.0-gcj-5-amd64 --with-jvm-jar-dir=/usr/lib/jvm-exports/java-1.5.0-gcj-5-amd64 --with-arch-directory=amd64 --with-ecj-jar=/usr/share/java/eclipse-ecj.jar --enable-objc-gc --enable-multiarch --disable-werror --with-arch-32=i686 --with-abi=m64 --with-multilib-list=m32,m64,mx32 --enable-multilib --with-tune=generic --enable-checking=release --build=x86_64-linux-gnu --host=x86_64-linux-gnu --target=x86_64-linux-gnu
Thread model: posix
gcc version 5.4.0 20160609 (Ubuntu 5.4.0-6ubuntu1~16.04.11) 
configure:4106: $? = 0
configure:4095: gcc -V >&5
gcc: error: unrecognized command line option '-V'
gcc: fatal error: no input files
compilation terminated.
configure:4106: $? = 1
configure:4095: gcc -qversion >&5
gcc: error: unrecognized command line option '-qversion'
gcc: fatal error: no input files
compilation terminated.
configure:4106: $? = 1
configure:4126: checking whether the C compiler works
configure:4148: gcc -g -O2 -fstack-protector-strong -Wformat -Werror=format-security -Wall -Wdate-time -D_FORTIFY_SOURCE=2 -Wl,-Bsymbolic-functions -Wl,-z,relro -Wl,-z,defs -Wl,-O1 -Wl,--as-needed conftest.c  >&5
configure:4152: $? = 0
configure:4200: result: yes
configure:4203: checking for C compiler default output file name
configure:4205: result: a.out
configure:4211: checking for suffix of executables
configure:4218: gcc -o conftest -g -O2 -fstack-protector-strong -Wformat -Werror=format-security -Wall -Wdate-time -D_FORTIFY_SOURCE=2 -Wl,-Bsymbolic-functions -Wl,-z,relro -Wl,-z,defs -Wl,-O1 -Wl,--as-needed conftest.c  >&5
configure:4222: $? = 0
configure:4244: result: 
configure:4266: checking whether we are cross compiling
configure:4304: result: yes
configure:4309: checking for suffix of object files
configure:4331: gcc -c -g -O2 -fstack-protector-strong -Wformat -Werror=format-security -Wall -Wdate-time -D_FORTIFY_SOURCE=2 conftest.c >&5
configure:4335: $? = 0
configure:4356: result: o
configure:4360: checking whether we are using the GNU C compiler
configure:4379: gcc -c -g -O2 -fstack-protector-strong -Wformat -Werror=format-security -Wall -Wdate-time -D_FORTIFY_SOURCE=2 conftest.c >&5
configure:4379: $? = 0
configure:4388: result: yes
configure:4397: checking whether gcc accepts -g
configure:4417: gcc -c -g -Wdate-time -D_FORTIFY_SOURCE=2 conftest.c >&5
configure:4417: $? = 0
configure:4458: result: yes
configure:4475: checking for gcc option to accept ISO C89
configure:4538: gcc  -c -g -O2 -fstack-protector-strong -Wformat -Werror=format-security -Wall -Wdate-time -D_FORTIFY_SOURCE=2 conftest.c >&5
configure:4538: $? = 0
configure:4551: result: none needed
configure:4576: checking whether gcc understands -c and -o together
configure:4598: gcc -c conftest.c -o conftest2.o
configure:4601: $? = 0
configure:4598: gcc -c conftest.c -o conftest2.o
configure:4601: $? = 0
configure:4613: result: yes
configure:4632: checking dependency style of gcc
configure:4743: result: none
configure:4764: checking how to run the C preprocessor
configure:4795: gcc -E -Wdate-time -D_FORTIFY_SOURCE=2 conftest.c
configure:4795: $? = 0
configure:4809: gcc -E -Wdate-time -D_FORTIFY_SOURCE=2 conftest.c
conftest.c:12:28: fatal error: ac_nonexistent.h: No such file or directory
compilation terminated.
configure:4809: $? = 1
configure: failed program was:
| /* confdefs.h */
| #define PACKAGE_NAME "gnome-screenshot"
| #define PACKAGE_TARNAME "gnome-screenshot"
| #define PACKAGE_VERSION "3.18.0"
| #define PACKAGE_STRING "gnome-screenshot 3.18.0"
| #define PACKAGE_BUGREPORT ""
| #define PACKAGE_URL ""
| #define PACKAGE "gnome-screenshot"
| #define VERSION "3.18.0"
| #define GETTEXT_PACKAGE "gnome-screenshot"
| /* end confdefs.h.  */
| #include <ac_nonexistent.h>
configure:4834: result: gcc -E
configure:4854: gcc -E -Wdate-time -D_FORTIFY_SOURCE=2 conftest.c
configure:4854: $? = 0
configure:4868: gcc -E -Wdate-time -D_FORTIFY_SOURCE=2 conftest.c
conftest.c:12:28: fatal error: ac_nonexistent.h: No such file or directory
compilation terminated.
configure:4868: $? = 1
configure: failed program was:
| /* confdefs.h */
| #define PACKAGE_NAME "gnome-screenshot"
| #define PACKAGE_TARNAME "gnome-screenshot"
| #define PACKAGE_VERSION "3.18.0"
| #define PACKAGE_STRING "gnome-screenshot 3.18.0"
| #define PACKAGE_BUGREPORT ""
| #define PACKAGE_URL ""
| #define PACKAGE "gnome-screenshot"
| #define VERSION "3.18.0"
| #define GETTEXT_PACKAGE "gnome-screenshot"
| /* end confdefs.h.  */
| #include <ac_nonexistent.h>
configure:4897: checking for grep that handles long lines and -e
configure:4955: result: /bin/grep
configure:4960: checking for egrep
configure:5022: result: /bin/grep -E
configure:5027: checking for ANSI C header files
configure:5047: gcc -c -g -O2 -fstack-protector-strong -Wformat -Werror=format-security -Wall -Wdate-time -D_FORTIFY_SOURCE=2 conftest.c >&5
configure:5047: $? = 0
configure:5131: result: yes
configure:5144: checking for sys/types.h
configure:5144: gcc -c -g -O2 -fstack-protector-strong -Wformat -Werror=format-security -Wall -Wdate-time -D_FORTIFY_SOURCE=2 conftest.c >&5
configure:5144: $? = 0
configure:5144: result: yes
configure:5144: checking for sys/stat.h
configure:5144: gcc -c -g -O2 -fstack-protector-strong -Wformat -Werror=format-security -Wall -Wdate-time -D_FORTIFY_SOURCE=2 conftest.c >&5
configure:5144: $? = 0
configure:5144: result: yes
configure:5144: checking for stdlib.h
configure:5144: gcc -c -g -O2 -fstack-protector-strong -Wformat -Werror=format-security -Wall -Wdate-time -D_FORTIFY_SOURCE=2 conftest.c >&5
configure:5144: $? = 0
configure:5144: result: yes
configure:5144: checking for string.h
configure:5144: gcc -c -g -O2 -fstack-protector-strong -Wformat -Werror=format-security -Wall -Wdate-time -D_FORTIFY_SOURCE=2 conftest.c >&5
configure:5144: $? = 0
configure:5144: result: yes
configure:5144: checking for memory.h
configure:5144: gcc -c -g -O2 -fstack-protector-strong -Wformat -Werror=format-security -Wall -Wdate-time -D_FORTIFY_SOURCE=2 conftest.c >&5
configure:5144: $? = 0
configure:5144: result: yes
configure:5144: checking for strings.h
configure:5144: gcc -c -g -O2 -fstack-protector-strong -Wformat -Werror=format-security -Wall -Wdate-time -D_FORTIFY_SOURCE=2 conftest.c >&5
configure:5144: $? = 0
configure:5144: result: yes
configure:5144: checking for inttypes.h
configure:5144: gcc -c -g -O2 -fstack-protector-strong -Wformat -Werror=format-security -Wall -Wdate-time -D_FORTIFY_SOURCE=2 conftest.c >&5
configure:5144: $? = 0
configure:5144: result: yes
configure:5144: checking for stdint.h
configure:5144: gcc -c -g -O2 -fstack-protector-strong -Wformat -Werror=format-security -Wall -Wdate-time -D_FORTIFY_SOURCE=2 conftest.c >&5
configure:5144: $? = 0
configure:5144: result: yes
configure:5144: checking for unistd.h
configure:5144: gcc -c -g -O2 -fstack-protector-strong -Wformat -Werror=format-security -Wall -Wdate-time -D_FORTIFY_SOURCE=2 conftest.c >&5
configure:5144: $? = 0
configure:5144: result: yes
configure:5159: checking locale.h usability
configure:5159: gcc -c -g -O2 -fstack-protector-strong -Wformat -Werror=format-security -Wall -Wdate-time -D_FORTIFY_SOURCE=2 conftest.c >&5
configure:5159: $? = 0
configure:5159: result: yes
configure:5159: checking locale.h presence
configure:5159: gcc -E -Wdate-time -D_FORTIFY_SOURCE=2 conftest.c
configure:5159: $? = 0
configure:5159: result: yes
configure:5159: checking for locale.h
configure:5159: result: yes
configure:5170: checking for LC_MESSAGES
configure:5186: gcc -o conftest -g -O2 -fstack-protector-strong -Wformat -Werror=format-security -Wall -Wdate-time -D_FORTIFY_SOURCE=2 -Wl,-Bsymbolic-functions -Wl,-z,relro -Wl,-z,defs -Wl,-O1 -Wl,--as-needed conftest.c  >&5
configure:5186: $? = 0
configure:5194: result: yes
configure:5211: checking libintl.h usability
configure:5211: gcc -c -g -O2 -fstack-protector-strong -Wformat -Werror=format-security -Wall -Wdate-time -D_FORTIFY_SOURCE=2 conftest.c >&5
configure:5211: $? = 0
configure:5211: result: yes
configure:5211: checking libintl.h presence
configure:5211: gcc -E -Wdate-time -D_FORTIFY_SOURCE=2 conftest.c
configure:5211: $? = 0
configure:5211: result: yes
configure:5211: checking for libintl.h
configure:5211: result: yes
configure:5219: checking for ngettext in libc
configure:5237: gcc -o conftest -g -O2 -fstack-protector-strong -Wformat -Werror=format-security -Wall -Wdate-time -D_FORTIFY_SOURCE=2 -Wl,-Bsymbolic-functions -Wl,-z,relro -Wl,-z,defs -Wl,-O1 -Wl,--as-needed conftest.c  >&5
configure:5237: $? = 0
configure:5246: result: yes
configure:5250: checking for dgettext in libc
configure:5268: gcc -o conftest -g -O2 -fstack-protector-strong -Wformat -Werror=format-security -Wall -Wdate-time -D_FORTIFY_SOURCE=2 -Wl,-Bsymbolic-functions -Wl,-z,relro -Wl,-z,defs -Wl,-O1 -Wl,--as-needed conftest.c  >&5
configure:5268: $? = 0
configure:5277: result: yes
configure:5284: checking for bind_textdomain_codeset
configure:5284: gcc -o conftest -g -O2 -fstack-protector-strong -Wformat -Werror=format-security -Wall -Wdate-time -D_FORTIFY_SOURCE=2 -Wl,-Bsymbolic-functions -Wl,-z,relro -Wl,-z,defs -Wl,-O1 -Wl,--as-needed conftest.c  >&5
configure:5284: $? = 0
configure:5284: result: yes
configure:5560: checking for msgfmt
configure:5587: result: /usr/bin/msgfmt
configure:5598: checking for dcgettext
configure:5598: gcc -o conftest -g -O2 -fstack-protector-strong -Wformat -Werror=format-security -Wall -Wdate-time -D_FORTIFY_SOURCE=2 -Wl,-Bsymbolic-functions -Wl,-z,relro -Wl,-z,defs -Wl,-O1 -Wl,--as-needed conftest.c   >&5
conftest.c:49:6: warning: conflicting types for built-in function 'dcgettext'
 char dcgettext ();
      ^
configure:5598: $? = 0
configure:5598: result: yes
configure:5608: checking if msgfmt accepts -c
configure:5623: $MSGFMT -c -o /dev/null conftest.foo
conftest.foo:3: warning: header field 'Language' missing in header
configure:5626: $? = 0
configure:5628: result: yes
configure:5638: checking for gmsgfmt
configure:5669: result: /usr/bin/msgfmt
configure:5679: checking for xgettext
configure:5706: result: /usr/bin/xgettext
configure:5725: gcc -o conftest -g -O2 -fstack-protector-strong -Wformat -Werror=format-security -Wall -Wdate-time -D_FORTIFY_SOURCE=2 -Wl,-Bsymbolic-functions -Wl,-z,relro -Wl,-z,defs -Wl,-O1 -Wl,--as-needed conftest.c   >&5
configure:5725: $? = 0
configure:5873: checking for i686-linux-gnu-gcc
configure:5900: result: gcc
configure:6169: checking for C compiler version
configure:6178: gcc --version >&5
gcc (Ubuntu 5.4.0-6ubuntu1~16.04.11) 5.4.0 20160609
Copyright (C) 2015 Free Software Foundation, Inc.
This is free software; see the source for copying conditions.  There is NO
warranty; not even for MERCHANTABILITY or FITNESS FOR A PARTICULAR PURPOSE.

configure:6189: $? = 0
configure:6178: gcc -v >&5
Using built-in specs.
COLLECT_GCC=gcc
COLLECT_LTO_WRAPPER=/usr/lib/gcc/x86_64-linux-gnu/5/lto-wrapper
Target: x86_64-linux-gnu
Configured with: ../src/configure -v --with-pkgversion='Ubuntu 5.4.0-6ubuntu1~16.04.11' --with-bugurl=file:///usr/share/doc/gcc-5/README.Bugs --enable-languages=c,ada,c++,java,go,d,fortran,objc,obj-c++ --prefix=/usr --program-suffix=-5 --enable-shared --enable-linker-build-id --libexecdir=/usr/lib --without-included-gettext --enable-threads=posix --libdir=/usr/lib --enable-nls --with-sysroot=/ --enable-clocale=gnu --enable-libstdcxx-debug --enable-libstdcxx-time=yes --with-default-libstdcxx-abi=new --enable-gnu-unique-object --disable-vtable-verify --enable-libmpx --enable-plugin --with-system-zlib --disable-browser-plugin --enable-java-awt=gtk --enable-gtk-cairo --with-java-home=/usr/lib/jvm/java-1.5.0-gcj-5-amd64/jre --enable-java-home --with-jvm-root-dir=/usr/lib/jvm/java-1.5.0-gcj-5-amd64 --with-jvm-jar-dir=/usr/lib/jvm-exports/java-1.5.0-gcj-5-amd64 --with-arch-directory=amd64 --with-ecj-jar=/usr/share/java/eclipse-ecj.jar --enable-objc-gc --enable-multiarch --disable-werror --with-arch-32=i686 --with-abi=m64 --with-multilib-list=m32,m64,mx32 --enable-multilib --with-tune=generic --enable-checking=release --build=x86_64-linux-gnu --host=x86_64-linux-gnu --target=x86_64-linux-gnu
Thread model: posix
gcc version 5.4.0 20160609 (Ubuntu 5.4.0-6ubuntu1~16.04.11) 
configure:6189: $? = 0
configure:6178: gcc -V >&5
gcc: error: unrecognized command line option '-V'
gcc: fatal error: no input files
compilation terminated.
configure:6189: $? = 1
configure:6178: gcc -qversion >&5
gcc: error: unrecognized command line option '-qversion'
gcc: fatal error: no input files
compilation terminated.
configure:6189: $? = 1
configure:6193: checking whether we are using the GNU C compiler
configure:6221: result: yes
configure:6230: checking whether gcc accepts -g
configure:6291: result: yes
configure:6308: checking for gcc option to accept ISO C89
configure:6384: result: none needed
configure:6409: checking whether gcc understands -c and -o together
configure:6446: result: yes
configure:6465: checking dependency style of gcc
configure:6576: result: none
configure:6606: checking for i686-linux-gnu-g++
configure:6636: result: no
configure:6606: checking for i686-linux-gnu-c++
configure:6636: result: no
configure:6606: checking for i686-linux-gnu-gpp
configure:6636: result: no
configure:6606: checking for i686-linux-gnu-aCC
configure:6636: result: no
configure:6606: checking for i686-linux-gnu-CC
configure:6636: result: no
configure:6606: checking for i686-linux-gnu-cxx
configure:6636: result: no
configure:6606: checking for i686-linux-gnu-cc++
configure:6636: result: no
configure:6606: checking for i686-linux-gnu-cl.exe
configure:6636: result: no
configure:6606: checking for i686-linux-gnu-FCC
configure:6636: result: no
configure:6606: checking for i686-linux-gnu-KCC
configure:6636: result: no
configure:6606: checking for i686-linux-gnu-RCC
configure:6636: result: no
configure:6606: checking for i686-linux-gnu-xlC_r
configure:6636: result: no
configure:6606: checking for i686-linux-gnu-xlC
configure:6636: result: no
configure:6650: checking for g++
configure:6666: found /usr/bin/g++
configure:6677: result: g++
configure:6704: checking for C++ compiler version
configure:6713: g++ --version >&5
g++ (Ubuntu 5.4.0-6ubuntu1~16.04.11) 5.4.0 20160609
Copyright (C) 2015 Free Software Foundation, Inc.
This is free software; see the source for copying conditions.  There is NO
warranty; not even for MERCHANTABILITY or FITNESS FOR A PARTICULAR PURPOSE.

configure:6724: $? = 0
configure:6713: g++ -v >&5
Using built-in specs.
COLLECT_GCC=g++
COLLECT_LTO_WRAPPER=/usr/lib/gcc/x86_64-linux-gnu/5/lto-wrapper
Target: x86_64-linux-gnu
Configured with: ../src/configure -v --with-pkgversion='Ubuntu 5.4.0-6ubuntu1~16.04.11' --with-bugurl=file:///usr/share/doc/gcc-5/README.Bugs --enable-languages=c,ada,c++,java,go,d,fortran,objc,obj-c++ --prefix=/usr --program-suffix=-5 --enable-shared --enable-linker-build-id --libexecdir=/usr/lib --without-included-gettext --enable-threads=posix --libdir=/usr/lib --enable-nls --with-sysroot=/ --enable-clocale=gnu --enable-libstdcxx-debug --enable-libstdcxx-time=yes --with-default-libstdcxx-abi=new --enable-gnu-unique-object --disable-vtable-verify --enable-libmpx --enable-plugin --with-system-zlib --disable-browser-plugin --enable-java-awt=gtk --enable-gtk-cairo --with-java-home=/usr/lib/jvm/java-1.5.0-gcj-5-amd64/jre --enable-java-home --with-jvm-root-dir=/usr/lib/jvm/java-1.5.0-gcj-5-amd64 --with-jvm-jar-dir=/usr/lib/jvm-exports/java-1.5.0-gcj-5-amd64 --with-arch-directory=amd64 --with-ecj-jar=/usr/share/java/eclipse-ecj.jar --enable-objc-gc --enable-multiarch --disable-werror --with-arch-32=i686 --with-abi=m64 --with-multilib-list=m32,m64,mx32 --enable-multilib --with-tune=generic --enable-checking=release --build=x86_64-linux-gnu --host=x86_64-linux-gnu --target=x86_64-linux-gnu
Thread model: posix
gcc version 5.4.0 20160609 (Ubuntu 5.4.0-6ubuntu1~16.04.11) 
configure:6724: $? = 0
configure:6713: g++ -V >&5
g++: error: unrecognized command line option '-V'
g++: fatal error: no input files
compilation terminated.
configure:6724: $? = 1
configure:6713: g++ -qversion >&5
g++: error: unrecognized command line option '-qversion'
g++: fatal error: no input files
compilation terminated.
configure:6724: $? = 1
configure:6728: checking whether we are using the GNU C++ compiler
configure:6747: g++ -c -g -O2 -fstack-protector-strong -Wformat -Werror=format-security -Wall -Wdate-time -D_FORTIFY_SOURCE=2 conftest.cpp >&5
configure:6747: $? = 0
configure:6756: result: yes
configure:6765: checking whether g++ accepts -g
configure:6785: g++ -c -g -Wdate-time -D_FORTIFY_SOURCE=2 conftest.cpp >&5
configure:6785: $? = 0
configure:6826: result: yes
configure:6851: checking dependency style of g++
configure:6962: result: none
configure:6977: checking for library containing strerror
configure:7008: gcc -o conftest -g -O2 -fstack-protector-strong -Wformat -Werror=format-security -Wall -Wdate-time -D_FORTIFY_SOURCE=2 -Wl,-Bsymbolic-functions -Wl,-z,relro -Wl,-z,defs -Wl,-O1 -Wl,--as-needed conftest.c  >&5
configure:7008: $? = 0
configure:7025: result: none required
configure:7033: checking for ANSI C header files
configure:7137: result: yes
configure:7256: checking for i686-linux-gnu-pkg-config
configure:7286: result: /usr/bin/i686-linux-gnu-pkg-config
configure:7354: checking pkg-config is at least version 0.16
configure:7357: result: yes
configure:7372: checking for glib-compile-schemas
configure:7390: found /usr/bin/glib-compile-schemas
configure:7402: result: /usr/bin/glib-compile-schemas
configure:7472: checking for XSHAPE
configure:7479: $PKG_CONFIG --exists --print-errors "xext x11"
Package xext was not found in the pkg-config search path.
Perhaps you should add the directory containing `xext.pc'
to the PKG_CONFIG_PATH environment variable
No package 'xext' found
Package x11 was not found in the pkg-config search path.
Perhaps you should add the directory containing `x11.pc'
to the PKG_CONFIG_PATH environment variable
No package 'x11' found
configure:7482: $? = 1
configure:7496: $PKG_CONFIG --exists --print-errors "xext x11"
Package xext was not found in the pkg-config search path.
Perhaps you should add the directory containing `xext.pc'
to the PKG_CONFIG_PATH environment variable
No package 'xext' found
Package x11 was not found in the pkg-config search path.
Perhaps you should add the directory containing `x11.pc'
to the PKG_CONFIG_PATH environment variable
No package 'x11' found
configure:7499: $? = 1
configure:7513: result: no
No package 'xext' found
No package 'x11' found
configure:7529: error: Package requirements (xext x11) were not met:

No package 'xext' found
No package 'x11' found

Consider adjusting the PKG_CONFIG_PATH environment variable if you
installed software in a non-standard prefix.

Alternatively, you may set the environment variables XSHAPE_CFLAGS
and XSHAPE_LIBS to avoid the need to call pkg-config.
See the pkg-config man page for more details.

## ---------------- ##
## Cache variables. ##
## ---------------- ##

ac_cv_build=x86_64-pc-linux-gnu
ac_cv_c_compiler_gnu=yes
ac_cv_cxx_compiler_gnu=yes
ac_cv_env_CCC_set=
ac_cv_env_CCC_value=
ac_cv_env_CC_set=
ac_cv_env_CC_value=
ac_cv_env_CFLAGS_set=set
ac_cv_env_CFLAGS_value='-g -O2 -fstack-protector-strong -Wformat -Werror=format-security -Wall'
ac_cv_env_CPPFLAGS_set=set
ac_cv_env_CPPFLAGS_value='-Wdate-time -D_FORTIFY_SOURCE=2'
ac_cv_env_CPP_set=
ac_cv_env_CPP_value=
ac_cv_env_CXXFLAGS_set=set
ac_cv_env_CXXFLAGS_value='-g -O2 -fstack-protector-strong -Wformat -Werror=format-security -Wall'
ac_cv_env_CXX_set=
ac_cv_env_CXX_value=
ac_cv_env_LDFLAGS_set=set
ac_cv_env_LDFLAGS_value='-Wl,-Bsymbolic-functions -Wl,-z,relro -Wl,-z,defs -Wl,-O1 -Wl,--as-needed'
ac_cv_env_LIBS_set=
ac_cv_env_LIBS_value=
ac_cv_env_PKG_CONFIG_LIBDIR_set=
ac_cv_env_PKG_CONFIG_LIBDIR_value=
ac_cv_env_PKG_CONFIG_PATH_set=
ac_cv_env_PKG_CONFIG_PATH_value=
ac_cv_env_PKG_CONFIG_set=
ac_cv_env_PKG_CONFIG_value=
ac_cv_env_SCREENSHOT_CFLAGS_set=
ac_cv_env_SCREENSHOT_CFLAGS_value=
ac_cv_env_SCREENSHOT_LIBS_set=
ac_cv_env_SCREENSHOT_LIBS_value=
ac_cv_env_XSHAPE_CFLAGS_set=
ac_cv_env_XSHAPE_CFLAGS_value=
ac_cv_env_XSHAPE_LIBS_set=
ac_cv_env_XSHAPE_LIBS_value=
ac_cv_env_build_alias_set=set
ac_cv_env_build_alias_value=x86_64-linux-gnu
ac_cv_env_host_alias_set=set
ac_cv_env_host_alias_value=i686-linux-gnu
ac_cv_env_target_alias_set=
ac_cv_env_target_alias_value=
ac_cv_func_bind_textdomain_codeset=yes
ac_cv_func_dcgettext=yes
ac_cv_header_inttypes_h=yes
ac_cv_header_libintl_h=yes
ac_cv_header_locale_h=yes
ac_cv_header_memory_h=yes
ac_cv_header_stdc=yes
ac_cv_header_stdint_h=yes
ac_cv_header_stdlib_h=yes
ac_cv_header_string_h=yes
ac_cv_header_strings_h=yes
ac_cv_header_sys_stat_h=yes
ac_cv_header_sys_types_h=yes
ac_cv_header_unistd_h=yes
ac_cv_host=i686-pc-linux-gnu
ac_cv_objext=o
ac_cv_path_EGREP='/bin/grep -E'
ac_cv_path_GLIB_COMPILE_SCHEMAS=/usr/bin/glib-compile-schemas
ac_cv_path_GMSGFMT=/usr/bin/msgfmt
ac_cv_path_GREP=/bin/grep
ac_cv_path_INTLTOOL_EXTRACT=/usr/bin/intltool-extract
ac_cv_path_INTLTOOL_MERGE=/usr/bin/intltool-merge
ac_cv_path_INTLTOOL_PERL=/usr/bin/perl
ac_cv_path_INTLTOOL_UPDATE=/usr/bin/intltool-update
ac_cv_path_MSGFMT=/usr/bin/msgfmt
ac_cv_path_MSGMERGE=/usr/bin/msgmerge
ac_cv_path_PKG_CONFIG=/usr/bin/i686-linux-gnu-pkg-config
ac_cv_path_XGETTEXT=/usr/bin/xgettext
ac_cv_path_install='/usr/bin/install -c'
ac_cv_path_mkdir=/bin/mkdir
ac_cv_prog_AWK=gawk
ac_cv_prog_CC=gcc
ac_cv_prog_CPP='gcc -E'
ac_cv_prog_ac_ct_CC=gcc
ac_cv_prog_ac_ct_CXX=g++
ac_cv_prog_ac_ct_STRIP=strip
ac_cv_prog_cc_c89=
ac_cv_prog_cc_g=yes
ac_cv_prog_cxx_g=yes
ac_cv_prog_make_make_set=yes
ac_cv_search_strerror='none required'
ac_cv_target=i686-pc-linux-gnu
am_cv_CC_dependencies_compiler_type=none
am_cv_CXX_dependencies_compiler_type=none
am_cv_make_support_nested_variables=yes
am_cv_prog_cc_c_o=yes
am_cv_val_LC_MESSAGES=yes
gt_cv_func_dgettext_libc=yes
gt_cv_func_dgettext_libintl=no
gt_cv_func_ngettext_libc=yes
gt_cv_have_gettext=yes

## ----------------- ##
## Output variables. ##
## ----------------- ##










		$(INSTALL_DATA) $^ "$(DESTDIR)$(gsettingsschemadir)"; \
		test -n "$(GSETTINGS_DISABLE_SCHEMAS_COMPILE)$(DESTDIR)" || $(GLIB_COMPILE_SCHEMAS) $(gsettingsschemadir); \
		test -z "$(gsettingsschemadir)" || $(MKDIR_P) "$(DESTDIR)$(gsettingsschemadir)"; \
	$(AM_V_GEN) $(GLIB_COMPILE_SCHEMAS) --strict --dry-run $(addprefix --schema-file=,$(gsettings__enum_file)) --schema-file=$< && mkdir -p $(@D) && touch $@
	$(AM_V_GEN) glib-mkenums --comments '\''<!-- @comment@ -->'\'' --fhead "<schemalist>" --vhead "  <@type@ id='\''$(gsettings_ENUM_NAMESPACE).@EnumName@'\''>" --vprod "    <value nick='\''@valuenick@'\'' value='\''@valuenum@'\''/>" --vtail "  </@type@>" --ftail "</schemalist>" $^ > $@.tmp && mv $@.tmp $@
	@$(NORMAL_INSTALL)
	@$(NORMAL_UNINSTALL)
	@list='\''$(gsettings_SCHEMAS) $(gsettings__enum_file)'\''; test -n "$(gsettingsschemadir)" || list=; \
	cd "$(DESTDIR)$(gsettingsschemadir)" && rm -f $$files
	echo " ( cd '\''$(DESTDIR)$(gsettingsschemadir)'\'' && rm -f" $$files ")"; \
	fi
	files=`for p in $$list; do echo $$p; done | sed -e '\''s|^.*/||'\''`; \
	if test -n "$^"; then \
	rm -f $(gsettings_SCHEMAS:.xml=.valid) $(gsettings__enum_file)
	test -n "$$files" || exit 0; \
	test -n "$(GSETTINGS_DISABLE_SCHEMAS_COMPILE)$(DESTDIR)" || $(GLIB_COMPILE_SCHEMAS) $(gsettingsschemadir)
$(gsettings__enum_file): $(gsettings_ENUM_FILES)
%.gschema.valid: %.gschema.xml $(gsettings__enum_file)
.PHONY : uninstall-gsettings-schemas install-gsettings-schemas clean-gsettings-schemas
.SECONDARY: $(gsettings_SCHEMAS)
ACLOCAL='${SHELL} /home/project/pemaketan/packages/upstream/g/gnome-screenshot/gnome-screenshot/missing aclocal-1.15'
ALL_LINGUAS=''
AMDEPBACKSLASH=''
AMDEP_FALSE=''
AMDEP_TRUE='#'
AMTAR='$${TAR-tar}'
AM_BACKSLASH='\'
AM_DEFAULT_V='$(AM_DEFAULT_VERBOSITY)'
AM_DEFAULT_VERBOSITY='1'
AM_V='$(V)'
AUTOCONF='${SHELL} /home/project/pemaketan/packages/upstream/g/gnome-screenshot/gnome-screenshot/missing autoconf'
AUTOHEADER='${SHELL} /home/project/pemaketan/packages/upstream/g/gnome-screenshot/gnome-screenshot/missing autoheader'
AUTOMAKE='${SHELL} /home/project/pemaketan/packages/upstream/g/gnome-screenshot/gnome-screenshot/missing automake-1.15'
AWK='gawk'
CATALOGS=''
CATOBJEXT='.gmo'
CC='gcc'
CCDEPMODE='depmode=none'
CFLAGS='-g -O2 -fstack-protector-strong -Wformat -Werror=format-security -Wall'
CPP='gcc -E'
CPPFLAGS='-Wdate-time -D_FORTIFY_SOURCE=2'
CXX='g++'
CXXDEPMODE='depmode=none'
CXXFLAGS='-g -O2 -fstack-protector-strong -Wformat -Werror=format-security -Wall'
CYGPATH_W='echo'
DATADIRNAME='share'
DEFS=''
DEPDIR='.deps'
ECHO_C=''
ECHO_N='-n'
ECHO_T=''
EGREP='/bin/grep -E'
EXEEXT=''
GETTEXT_PACKAGE='gnome-screenshot'
GLIB_COMPILE_SCHEMAS='/usr/bin/glib-compile-schemas'
GMOFILES=''
GMSGFMT='/usr/bin/msgfmt'
GREP='/bin/grep'
GSETTINGS_DISABLE_SCHEMAS_COMPILE=''
GSETTINGS_RULES='
INSTALL_DATA='${INSTALL} -m 644'
INSTALL_PROGRAM='${INSTALL}'
INSTALL_SCRIPT='${INSTALL}'
INSTALL_STRIP_PROGRAM='$(install_sh) -c -s'
INSTOBJEXT='.mo'
INTLLIBS=''
INTLTOOL_CAVES_RULE='%.caves:     %.caves.in     $(INTLTOOL_MERGE) $(wildcard $(top_srcdir)/po/*.po) ; $(INTLTOOL_V_MERGE)LC_ALL=C $(INTLTOOL_MERGE) $(INTLTOOL_V_MERGE_OPTIONS) -d -u -c $(top_builddir)/po/.intltool-merge-cache $(top_srcdir)/po $< $@'
INTLTOOL_DESKTOP_RULE='%.desktop:   %.desktop.in   $(INTLTOOL_MERGE) $(wildcard $(top_srcdir)/po/*.po) ; $(INTLTOOL_V_MERGE)LC_ALL=C $(INTLTOOL_MERGE) $(INTLTOOL_V_MERGE_OPTIONS) -d -u -c $(top_builddir)/po/.intltool-merge-cache $(top_srcdir)/po $< $@'
INTLTOOL_DIRECTORY_RULE='%.directory: %.directory.in $(INTLTOOL_MERGE) $(wildcard $(top_srcdir)/po/*.po) ; $(INTLTOOL_V_MERGE)LC_ALL=C $(INTLTOOL_MERGE) $(INTLTOOL_V_MERGE_OPTIONS) -d -u -c $(top_builddir)/po/.intltool-merge-cache $(top_srcdir)/po $< $@'
INTLTOOL_EXTRACT='/usr/bin/intltool-extract'
INTLTOOL_KBD_RULE='%.kbd:       %.kbd.in       $(INTLTOOL_MERGE) $(wildcard $(top_srcdir)/po/*.po) ; $(INTLTOOL_V_MERGE)LC_ALL=C $(INTLTOOL_MERGE) $(INTLTOOL_V_MERGE_OPTIONS) -x -u -m -c $(top_builddir)/po/.intltool-merge-cache $(top_srcdir)/po $< $@'
INTLTOOL_KEYS_RULE='%.keys:      %.keys.in      $(INTLTOOL_MERGE) $(wildcard $(top_srcdir)/po/*.po) ; $(INTLTOOL_V_MERGE)LC_ALL=C $(INTLTOOL_MERGE) $(INTLTOOL_V_MERGE_OPTIONS) -k -u -c $(top_builddir)/po/.intltool-merge-cache $(top_srcdir)/po $< $@'
INTLTOOL_MERGE='/usr/bin/intltool-merge'
INTLTOOL_OAF_RULE='%.oaf:       %.oaf.in       $(INTLTOOL_MERGE) $(wildcard $(top_srcdir)/po/*.po) ; $(INTLTOOL_V_MERGE)LC_ALL=C $(INTLTOOL_MERGE) $(INTLTOOL_V_MERGE_OPTIONS) -o -p $(top_srcdir)/po $< $@'
INTLTOOL_PERL='/usr/bin/perl'
INTLTOOL_POLICY_RULE='%.policy:    %.policy.in    $(INTLTOOL_MERGE) $(wildcard $(top_srcdir)/po/*.po) ; $(INTLTOOL_V_MERGE)LC_ALL=C $(INTLTOOL_MERGE) $(INTLTOOL_V_MERGE_OPTIONS) -x -u -c $(top_builddir)/po/.intltool-merge-cache $(top_srcdir)/po $< $@'
INTLTOOL_PONG_RULE='%.pong:      %.pong.in      $(INTLTOOL_MERGE) $(wildcard $(top_srcdir)/po/*.po) ; $(INTLTOOL_V_MERGE)LC_ALL=C $(INTLTOOL_MERGE) $(INTLTOOL_V_MERGE_OPTIONS) -x -u -c $(top_builddir)/po/.intltool-merge-cache $(top_srcdir)/po $< $@'
INTLTOOL_PROP_RULE='%.prop:      %.prop.in      $(INTLTOOL_MERGE) $(wildcard $(top_srcdir)/po/*.po) ; $(INTLTOOL_V_MERGE)LC_ALL=C $(INTLTOOL_MERGE) $(INTLTOOL_V_MERGE_OPTIONS) -d -u -c $(top_builddir)/po/.intltool-merge-cache $(top_srcdir)/po $< $@'
INTLTOOL_SCHEMAS_RULE='%.schemas:   %.schemas.in   $(INTLTOOL_MERGE) $(wildcard $(top_srcdir)/po/*.po) ; $(INTLTOOL_V_MERGE)LC_ALL=C $(INTLTOOL_MERGE) $(INTLTOOL_V_MERGE_OPTIONS) -s -u -c $(top_builddir)/po/.intltool-merge-cache $(top_srcdir)/po $< $@'
INTLTOOL_SERVER_RULE='%.server:    %.server.in    $(INTLTOOL_MERGE) $(wildcard $(top_srcdir)/po/*.po) ; $(INTLTOOL_V_MERGE)LC_ALL=C $(INTLTOOL_MERGE) $(INTLTOOL_V_MERGE_OPTIONS) -o -u -c $(top_builddir)/po/.intltool-merge-cache $(top_srcdir)/po $< $@'
INTLTOOL_SERVICE_RULE='%.service: %.service.in   $(INTLTOOL_MERGE) $(wildcard $(top_srcdir)/po/*.po) ; $(INTLTOOL_V_MERGE)LC_ALL=C $(INTLTOOL_MERGE) $(INTLTOOL_V_MERGE_OPTIONS) -d -u -c $(top_builddir)/po/.intltool-merge-cache $(top_srcdir)/po $< $@'
INTLTOOL_SHEET_RULE='%.sheet:     %.sheet.in     $(INTLTOOL_MERGE) $(wildcard $(top_srcdir)/po/*.po) ; $(INTLTOOL_V_MERGE)LC_ALL=C $(INTLTOOL_MERGE) $(INTLTOOL_V_MERGE_OPTIONS) -x -u -c $(top_builddir)/po/.intltool-merge-cache $(top_srcdir)/po $< $@'
INTLTOOL_SOUNDLIST_RULE='%.soundlist: %.soundlist.in $(INTLTOOL_MERGE) $(wildcard $(top_srcdir)/po/*.po) ; $(INTLTOOL_V_MERGE)LC_ALL=C $(INTLTOOL_MERGE) $(INTLTOOL_V_MERGE_OPTIONS) -d -u -c $(top_builddir)/po/.intltool-merge-cache $(top_srcdir)/po $< $@'
INTLTOOL_THEME_RULE='%.theme:     %.theme.in     $(INTLTOOL_MERGE) $(wildcard $(top_srcdir)/po/*.po) ; $(INTLTOOL_V_MERGE)LC_ALL=C $(INTLTOOL_MERGE) $(INTLTOOL_V_MERGE_OPTIONS) -d -u -c $(top_builddir)/po/.intltool-merge-cache $(top_srcdir)/po $< $@'
INTLTOOL_UI_RULE='%.ui:        %.ui.in        $(INTLTOOL_MERGE) $(wildcard $(top_srcdir)/po/*.po) ; $(INTLTOOL_V_MERGE)LC_ALL=C $(INTLTOOL_MERGE) $(INTLTOOL_V_MERGE_OPTIONS) -x -u -c $(top_builddir)/po/.intltool-merge-cache $(top_srcdir)/po $< $@'
INTLTOOL_UPDATE='/usr/bin/intltool-update'
INTLTOOL_V_MERGE='$(INTLTOOL__v_MERGE_$(V))'
INTLTOOL_V_MERGE_OPTIONS='$(intltool__v_merge_options_$(V))'
INTLTOOL_XAM_RULE='%.xam:       %.xml.in       $(INTLTOOL_MERGE) $(wildcard $(top_srcdir)/po/*.po) ; $(INTLTOOL_V_MERGE)LC_ALL=C $(INTLTOOL_MERGE) $(INTLTOOL_V_MERGE_OPTIONS) -x -u -c $(top_builddir)/po/.intltool-merge-cache $(top_srcdir)/po $< $@'
INTLTOOL_XML_NOMERGE_RULE='%.xml:       %.xml.in       $(INTLTOOL_MERGE) ; $(INTLTOOL_V_MERGE)LC_ALL=C $(INTLTOOL_MERGE) $(INTLTOOL_V_MERGE_OPTIONS) -x -u --no-translations $< $@'
INTLTOOL_XML_RULE='%.xml:       %.xml.in       $(INTLTOOL_MERGE) $(wildcard $(top_srcdir)/po/*.po) ; $(INTLTOOL_V_MERGE)LC_ALL=C $(INTLTOOL_MERGE) $(INTLTOOL_V_MERGE_OPTIONS) -x -u -c $(top_builddir)/po/.intltool-merge-cache $(top_srcdir)/po $< $@'
INTLTOOL__v_MERGE_0='@echo "  ITMRG " $@;'
INTLTOOL__v_MERGE_='$(INTLTOOL__v_MERGE_$(AM_DEFAULT_VERBOSITY))'
LDFLAGS='-Wl,-Bsymbolic-functions -Wl,-z,relro -Wl,-z,defs -Wl,-O1 -Wl,--as-needed'
LIBOBJS=''
LIBS=''
LTLIBOBJS=''
MAKEINFO='${SHELL} /home/project/pemaketan/packages/upstream/g/gnome-screenshot/gnome-screenshot/missing makeinfo'
MKDIR_P='/bin/mkdir -p'
MKINSTALLDIRS='./mkinstalldirs'
MSGFMT='/usr/bin/msgfmt'
MSGFMT_OPTS='-c'
MSGMERGE='/usr/bin/msgmerge'
OBJEXT='o'
PACKAGE='gnome-screenshot'
PACKAGE_BUGREPORT=''
PACKAGE_NAME='gnome-screenshot'
PACKAGE_STRING='gnome-screenshot 3.18.0'
PACKAGE_TARNAME='gnome-screenshot'
PACKAGE_URL=''
PACKAGE_VERSION='3.18.0'
PATH_SEPARATOR=':'
PKG_CONFIG='/usr/bin/i686-linux-gnu-pkg-config'
PKG_CONFIG_LIBDIR=''
PKG_CONFIG_PATH=''
POFILES=''
POSUB='po'
PO_IN_DATADIR_FALSE=''
PO_IN_DATADIR_TRUE=''
SCREENSHOT_CFLAGS=''
SCREENSHOT_LIBS=''
SET_MAKE=''
SHELL='/bin/bash'
STRIP='strip'
USE_NLS='yes'
VERSION='3.18.0'
XGETTEXT='/usr/bin/xgettext'
XSHAPE_CFLAGS=''
XSHAPE_LIBS=''
ac_ct_CC='gcc'
ac_ct_CXX='g++'
all-am: $(gsettings_SCHEMAS:.xml=.valid)
am__EXEEXT_FALSE=''
am__EXEEXT_TRUE=''
am__fastdepCC_FALSE=''
am__fastdepCC_TRUE='#'
am__fastdepCXX_FALSE=''
am__fastdepCXX_TRUE='#'
am__include='include'
am__isrc=''
am__leading_dot='.'
am__nodep=''
am__quote=''
am__tar='$${TAR-tar} chof - "$$tardir"'
am__untar='$${TAR-tar} xf -'
bindir='${exec_prefix}/bin'
build='x86_64-pc-linux-gnu'
build_alias='x86_64-linux-gnu'
build_cpu='x86_64'
build_os='linux-gnu'
build_vendor='pc'
clean-gsettings-schemas:
datadir='${datarootdir}'
datarootdir='${prefix}/share'
docdir='${datarootdir}/doc/${PACKAGE_TARNAME}'
dvidir='${docdir}'
endif'
exec_prefix='NONE'
gsettings__enum_file = $(addsuffix .enums.xml,$(gsettings_ENUM_NAMESPACE))
gsettingsschemadir='${datarootdir}/glib-2.0/schemas'
host='i686-pc-linux-gnu'
host_alias='i686-linux-gnu'
host_cpu='i686'
host_os='linux-gnu'
host_vendor='pc'
htmldir='${docdir}'
ifdef gsettings_ENUM_NAMESPACE
includedir='${prefix}/include'
infodir='${prefix}/share/info'
install-data-am: install-gsettings-schemas
install-gsettings-schemas: $(gsettings_SCHEMAS) $(gsettings__enum_file)
install_sh='${SHELL} /home/project/pemaketan/packages/upstream/g/gnome-screenshot/gnome-screenshot/install-sh'
intltool__v_merge_options_0='-q'
intltool__v_merge_options_='$(intltool__v_merge_options_$(AM_DEFAULT_VERBOSITY))'
libdir='${exec_prefix}/lib'
libexecdir='${prefix}/lib/gnome-screenshot'
localedir='${datarootdir}/locale'
localstatedir='/var'
mandir='${prefix}/share/man'
mkdir_p='$(MKDIR_P)'
mostlyclean-am: clean-gsettings-schemas
oldincludedir='/usr/include'
pdfdir='${docdir}'
prefix='/usr'
program_transform_name='s,x,x,'
psdir='${docdir}'
sbindir='${exec_prefix}/sbin'
sharedstatedir='${prefix}/com'
sysconfdir='/etc'
target='i686-pc-linux-gnu'
target_alias=''
target_cpu='i686'
target_os='linux-gnu'
target_vendor='pc'
uninstall-am: uninstall-gsettings-schemas
uninstall-gsettings-schemas:

## ----------- ##
## confdefs.h. ##
## ----------- ##

/* confdefs.h */
#define PACKAGE_NAME "gnome-screenshot"
#define PACKAGE_TARNAME "gnome-screenshot"
#define PACKAGE_VERSION "3.18.0"
#define PACKAGE_STRING "gnome-screenshot 3.18.0"
#define PACKAGE_BUGREPORT ""
#define PACKAGE_URL ""
#define PACKAGE "gnome-screenshot"
#define VERSION "3.18.0"
#define GETTEXT_PACKAGE "gnome-screenshot"
#define STDC_HEADERS 1
#define HAVE_SYS_TYPES_H 1
#define HAVE_SYS_STAT_H 1
#define HAVE_STDLIB_H 1
#define HAVE_STRING_H 1
#define HAVE_MEMORY_H 1
#define HAVE_STRINGS_H 1
#define HAVE_INTTYPES_H 1
#define HAVE_STDINT_H 1
#define HAVE_UNISTD_H 1
#define HAVE_LOCALE_H 1
#define HAVE_LC_MESSAGES 1
#define HAVE_BIND_TEXTDOMAIN_CODESET 1
#define HAVE_GETTEXT 1
#define HAVE_DCGETTEXT 1
#define ENABLE_NLS 1
#define STDC_HEADERS 1

configure: exit 1
